<?xml version="1.0" encoding="UTF-8"?>
<testng-results skipped="0" failed="1" ignored="0" total="3" passed="2">
  <reporter-output>
  </reporter-output>
  <suite name="Page Object test example" duration-ms="94133" started-at="2017-05-27T14:16:43Z" finished-at="2017-05-27T14:18:17Z">
    <groups>
    </groups>
    <test name="sample test" duration-ms="94133" started-at="2017-05-27T14:16:43Z" finished-at="2017-05-27T14:18:17Z">
      <class name="com.pack.common.tests.SignInPageTest">
        <test-method status="PASS" signature="initializeTestBaseSetup(java.lang.String, java.lang.String)[pri:0, instance:com.pack.common.tests.SignInPageTest@3ffc5af1]" name="initializeTestBaseSetup" is-config="true" duration-ms="21492" started-at="2017-05-27T16:17:07Z" finished-at="2017-05-27T16:17:28Z">
          <params>
            <param index="0">
              <value>
                <![CDATA[chrome]]>
              </value>
            </param>
            <param index="1">
              <value>
                <![CDATA[https://vitalia.pl/]]>
              </value>
            </param>
          </params>
          <reporter-output>
          </reporter-output>
        </test-method> <!-- initializeTestBaseSetup -->
        <test-method status="PASS" signature="setUp()[pri:0, instance:com.pack.common.tests.SignInPageTest@3ffc5af1]" name="setUp" is-config="true" duration-ms="1" started-at="2017-05-27T16:17:28Z" finished-at="2017-05-27T16:17:28Z">
          <reporter-output>
          </reporter-output>
        </test-method> <!-- setUp -->
        <test-method status="PASS" signature="verifySignInFunction()[pri:0, instance:com.pack.common.tests.SignInPageTest@3ffc5af1]" name="verifySignInFunction" duration-ms="14042" started-at="2017-05-27T16:17:28Z" finished-at="2017-05-27T16:17:42Z">
          <reporter-output>
          </reporter-output>
        </test-method> <!-- verifySignInFunction -->
        <test-method status="PASS" signature="tearDown()[pri:0, instance:com.pack.common.tests.SignInPageTest@3ffc5af1]" name="tearDown" is-config="true" duration-ms="152" started-at="2017-05-27T16:17:42Z" finished-at="2017-05-27T16:17:43Z">
          <reporter-output>
          </reporter-output>
        </test-method> <!-- tearDown -->
      </class> <!-- com.pack.common.tests.SignInPageTest -->
      <class name="com.pack.common.tests.BasePageTest">
        <test-method status="PASS" signature="initializeTestBaseSetup(java.lang.String, java.lang.String)[pri:0, instance:com.pack.common.tests.BasePageTest@29774679]" name="initializeTestBaseSetup" is-config="true" duration-ms="23823" started-at="2017-05-27T16:16:43Z" finished-at="2017-05-27T16:17:07Z">
          <params>
            <param index="0">
              <value>
                <![CDATA[chrome]]>
              </value>
            </param>
            <param index="1">
              <value>
                <![CDATA[https://vitalia.pl/]]>
              </value>
            </param>
          </params>
          <reporter-output>
          </reporter-output>
        </test-method> <!-- initializeTestBaseSetup -->
        <test-method status="PASS" signature="setUp()[pri:0, instance:com.pack.common.tests.BasePageTest@29774679]" name="setUp" is-config="true" duration-ms="0" started-at="2017-05-27T16:17:07Z" finished-at="2017-05-27T16:17:07Z">
          <reporter-output>
          </reporter-output>
        </test-method> <!-- setUp -->
        <test-method status="PASS" signature="verifyHomePage()[pri:0, instance:com.pack.common.tests.BasePageTest@29774679]" name="verifyHomePage" duration-ms="193" started-at="2017-05-27T16:17:07Z" finished-at="2017-05-27T16:17:07Z">
          <reporter-output>
          </reporter-output>
        </test-method> <!-- verifyHomePage -->
        <test-method status="PASS" signature="tearDown()[pri:0, instance:com.pack.common.tests.BasePageTest@29774679]" name="tearDown" is-config="true" duration-ms="77" started-at="2017-05-27T16:17:07Z" finished-at="2017-05-27T16:17:07Z">
          <reporter-output>
          </reporter-output>
        </test-method> <!-- tearDown -->
      </class> <!-- com.pack.common.tests.BasePageTest -->
      <class name="com.pack.common.tests.CreateAnAccountTest">
        <test-method status="PASS" signature="initializeTestBaseSetup(java.lang.String, java.lang.String)[pri:0, instance:com.pack.common.tests.CreateAnAccountTest@5e5792a0]" name="initializeTestBaseSetup" is-config="true" duration-ms="17468" started-at="2017-05-27T16:17:43Z" finished-at="2017-05-27T16:18:00Z">
          <params>
            <param index="0">
              <value>
                <![CDATA[chrome]]>
              </value>
            </param>
            <param index="1">
              <value>
                <![CDATA[https://vitalia.pl/]]>
              </value>
            </param>
          </params>
          <reporter-output>
          </reporter-output>
        </test-method> <!-- initializeTestBaseSetup -->
        <test-method status="FAIL" signature="verifyCreateAnAccounPage()[pri:0, instance:com.pack.common.tests.CreateAnAccountTest@5e5792a0]" name="verifyCreateAnAccounPage" duration-ms="16703" started-at="2017-05-27T16:18:00Z" finished-at="2017-05-27T16:18:17Z">
          <exception class="org.openqa.selenium.NoSuchElementException">
            <message>
              <![CDATA[no such element: Unable to locate element: {"method":"css selector","selector":".error"}
  (Session info: chrome=57.0.2987.110)
  (Driver info: chromedriver=2.29.461571 (8a88bbe0775e2a23afda0ceaf2ef7ee74e822cc5),platform=Linux 4.4.0-21-generic x86_64) (WARNING: The server did not provide any stacktrace information)
Command duration or timeout: 70 milliseconds
For documentation on this error, please visit: http://seleniumhq.org/exceptions/no_such_element.html
Build info: version: 'unknown', revision: 'unknown', time: 'unknown'
System info: host: 'klaudia', ip: '127.0.1.1', os.name: 'Linux', os.arch: 'amd64', os.version: '4.4.0-21-generic', java.version: '1.8.0_111'
Driver info: org.openqa.selenium.chrome.ChromeDriver
Capabilities [{applicationCacheEnabled=false, rotatable=false, mobileEmulationEnabled=false, networkConnectionEnabled=false, chrome={chromedriverVersion=2.29.461571 (8a88bbe0775e2a23afda0ceaf2ef7ee74e822cc5), userDataDir=/tmp/.org.chromium.Chromium.cjAEUX}, takesHeapSnapshot=true, pageLoadStrategy=normal, databaseEnabled=false, handlesAlerts=true, hasTouchScreen=false, version=57.0.2987.110, platform=LINUX, browserConnectionEnabled=false, nativeEvents=true, acceptSslCerts=true, locationContextEnabled=true, webStorageEnabled=true, browserName=chrome, takesScreenshot=true, javascriptEnabled=true, cssSelectorsEnabled=true, unexpectedAlertBehaviour=}]
Session ID: 059ae5f3e5e7f2af28390c25e351e494
*** Element info: {Using=css selector, value=.error}]]>
            </message>
            <full-stacktrace>
              <![CDATA[org.openqa.selenium.NoSuchElementException: no such element: Unable to locate element: {"method":"css selector","selector":".error"}
  (Session info: chrome=57.0.2987.110)
  (Driver info: chromedriver=2.29.461571 (8a88bbe0775e2a23afda0ceaf2ef7ee74e822cc5),platform=Linux 4.4.0-21-generic x86_64) (WARNING: The server did not provide any stacktrace information)
Command duration or timeout: 70 milliseconds
For documentation on this error, please visit: http://seleniumhq.org/exceptions/no_such_element.html
Build info: version: 'unknown', revision: 'unknown', time: 'unknown'
System info: host: 'klaudia', ip: '127.0.1.1', os.name: 'Linux', os.arch: 'amd64', os.version: '4.4.0-21-generic', java.version: '1.8.0_111'
Driver info: org.openqa.selenium.chrome.ChromeDriver
Capabilities [{applicationCacheEnabled=false, rotatable=false, mobileEmulationEnabled=false, networkConnectionEnabled=false, chrome={chromedriverVersion=2.29.461571 (8a88bbe0775e2a23afda0ceaf2ef7ee74e822cc5), userDataDir=/tmp/.org.chromium.Chromium.cjAEUX}, takesHeapSnapshot=true, pageLoadStrategy=normal, databaseEnabled=false, handlesAlerts=true, hasTouchScreen=false, version=57.0.2987.110, platform=LINUX, browserConnectionEnabled=false, nativeEvents=true, acceptSslCerts=true, locationContextEnabled=true, webStorageEnabled=true, browserName=chrome, takesScreenshot=true, javascriptEnabled=true, cssSelectorsEnabled=true, unexpectedAlertBehaviour=}]
Session ID: 059ae5f3e5e7f2af28390c25e351e494
*** Element info: {Using=css selector, value=.error}
	at sun.reflect.NativeConstructorAccessorImpl.newInstance0(Native Method)
	at sun.reflect.NativeConstructorAccessorImpl.newInstance(NativeConstructorAccessorImpl.java:62)
	at sun.reflect.DelegatingConstructorAccessorImpl.newInstance(DelegatingConstructorAccessorImpl.java:45)
	at java.lang.reflect.Constructor.newInstance(Constructor.java:423)
	at org.openqa.selenium.remote.ErrorHandler.createThrowable(ErrorHandler.java:215)
	at org.openqa.selenium.remote.ErrorHandler.throwIfResponseFailed(ErrorHandler.java:167)
	at org.openqa.selenium.remote.RemoteWebDriver.execute(RemoteWebDriver.java:671)
	at org.openqa.selenium.remote.RemoteWebDriver.findElement(RemoteWebDriver.java:410)
	at org.openqa.selenium.remote.RemoteWebDriver.findElementByCssSelector(RemoteWebDriver.java:501)
	at org.openqa.selenium.By$ByCssSelector.findElement(By.java:430)
	at org.openqa.selenium.remote.RemoteWebDriver.findElement(RemoteWebDriver.java:402)
	at com.pack.common.pageobjects.CreateAccountPage.getErrorMessage(CreateAccountPage.java:114)
	at com.pack.common.pageobjects.CreateAccountPage.verifySignUp(CreateAccountPage.java:66)
	at com.pack.common.tests.CreateAnAccountTest.verifyCreateAnAccounPage(CreateAnAccountTest.java:33)
	at sun.reflect.NativeMethodAccessorImpl.invoke0(Native Method)
	at sun.reflect.NativeMethodAccessorImpl.invoke(NativeMethodAccessorImpl.java:62)
	at sun.reflect.DelegatingMethodAccessorImpl.invoke(DelegatingMethodAccessorImpl.java:43)
	at java.lang.reflect.Method.invoke(Method.java:498)
	at org.testng.internal.MethodInvocationHelper.invokeMethod(MethodInvocationHelper.java:108)
	at org.testng.internal.Invoker.invokeMethod(Invoker.java:661)
	at org.testng.internal.Invoker.invokeTestMethod(Invoker.java:869)
	at org.testng.internal.Invoker.invokeTestMethods(Invoker.java:1193)
	at org.testng.internal.TestMethodWorker.invokeTestMethods(TestMethodWorker.java:126)
	at org.testng.internal.TestMethodWorker.run(TestMethodWorker.java:109)
	at org.testng.TestRunner.privateRun(TestRunner.java:744)
	at org.testng.TestRunner.run(TestRunner.java:602)
	at org.testng.SuiteRunner.runTest(SuiteRunner.java:380)
	at org.testng.SuiteRunner.runSequentially(SuiteRunner.java:375)
	at org.testng.SuiteRunner.privateRun(SuiteRunner.java:340)
	at org.testng.SuiteRunner.run(SuiteRunner.java:289)
	at org.testng.SuiteRunnerWorker.runSuite(SuiteRunnerWorker.java:52)
	at org.testng.SuiteRunnerWorker.run(SuiteRunnerWorker.java:86)
	at org.testng.TestNG.runSuitesSequentially(TestNG.java:1301)
	at org.testng.TestNG.runSuitesLocally(TestNG.java:1226)
	at org.testng.TestNG.runSuites(TestNG.java:1144)
	at org.testng.TestNG.run(TestNG.java:1115)
	at org.testng.remote.AbstractRemoteTestNG.run(AbstractRemoteTestNG.java:132)
	at org.testng.remote.RemoteTestNG.initAndRun(RemoteTestNG.java:230)
	at org.testng.remote.RemoteTestNG.main(RemoteTestNG.java:76)
]]>
            </full-stacktrace>
          </exception> <!-- org.openqa.selenium.NoSuchElementException -->
          <reporter-output>
          </reporter-output>
        </test-method> <!-- verifyCreateAnAccounPage -->
        <test-method status="PASS" signature="setUp()[pri:0, instance:com.pack.common.tests.CreateAnAccountTest@5e5792a0]" name="setUp" is-config="true" duration-ms="0" started-at="2017-05-27T16:18:00Z" finished-at="2017-05-27T16:18:00Z">
          <reporter-output>
          </reporter-output>
        </test-method> <!-- setUp -->
        <test-method status="PASS" signature="tearDown()[pri:0, instance:com.pack.common.tests.CreateAnAccountTest@5e5792a0]" name="tearDown" is-config="true" duration-ms="133" started-at="2017-05-27T16:18:17Z" finished-at="2017-05-27T16:18:17Z">
          <reporter-output>
          </reporter-output>
        </test-method> <!-- tearDown -->
      </class> <!-- com.pack.common.tests.CreateAnAccountTest -->
    </test> <!-- sample test -->
  </suite> <!-- Page Object test example -->
</testng-results>
